#
# There is insufficient memory for the Java Runtime Environment to continue.
# Native memory allocation (malloc) failed to allocate 2137296 bytes for Chunk::new
# Possible reasons:
#   The system is out of physical RAM or swap space
#   In 32 bit mode, the process size limit was hit
# Possible solutions:
#   Reduce memory load on the system
#   Increase physical memory or swap space
#   Check if swap backing store is full
#   Use 64 bit Java on a 64 bit OS
#   Decrease Java heap size (-Xmx/-Xms)
#   Decrease number of Java threads
#   Decrease Java thread stack sizes (-Xss)
#   Set larger code cache with -XX:ReservedCodeCacheSize=
# This output file may be truncated or incomplete.
#
#  Out of Memory Error (allocation.cpp:390), pid=14272, tid=0x00000000000022bc
#
# JRE version: Java(TM) SE Runtime Environment (8.0_181-b13) (build 1.8.0_181-b13)
# Java VM: Java HotSpot(TM) 64-Bit Server VM (25.181-b13 mixed mode windows-amd64 compressed oops)
# Failed to write core dump. Minidumps are not enabled by default on client versions of Windows
#

---------------  T H R E A D  ---------------

Current thread (0x00000000174b9000):  JavaThread "C2 CompilerThread0" daemon [_thread_in_native, id=8892, stack(0x0000000019140000,0x0000000019240000)]

Stack: [0x0000000019140000,0x0000000019240000]
[error occurred during error reporting (printing stack bounds), id 0xc0000005]

Native frames: (J=compiled Java code, j=interpreted, Vv=VM code, C=native code)


Current CompileTask:
C2:   7255 3629       4       com.sun.beans.TypeResolver::resolve (37 bytes)


---------------  P R O C E S S  ---------------

Java Threads: ( => current thread )
  0x000000001adcd800 JavaThread "Okio Watchdog" daemon [_thread_blocked, id=10652, stack(0x0000000020400000,0x0000000020500000)]
  0x000000001add4800 JavaThread "OkHttp ConnectionPool" daemon [_thread_blocked, id=676, stack(0x0000000020300000,0x0000000020400000)]
  0x000000001bcbd000 JavaThread "ForkJoinPool.commonPool-worker-3" daemon [_thread_blocked, id=32152, stack(0x0000000020000000,0x0000000020100000)]
  0x000000001be7e000 JavaThread "ForkJoinPool.commonPool-worker-2" daemon [_thread_blocked, id=29016, stack(0x000000001ff00000,0x0000000020000000)]
  0x000000001be7d000 JavaThread "ForkJoinPool.commonPool-worker-1" daemon [_thread_blocked, id=31944, stack(0x000000001fe00000,0x000000001ff00000)]
  0x000000001da2f000 JavaThread "Keep-Alive-Timer" daemon [_thread_blocked, id=10872, stack(0x000000001fd00000,0x000000001fe00000)]
  0x000000001da2e000 JavaThread "Exec Stream Pumper" daemon [_thread_in_native, id=32416, stack(0x000000001fc00000,0x000000001fd00000)]
  0x000000001c3b1000 JavaThread "Exec Stream Pumper" daemon [_thread_in_native, id=17712, stack(0x000000001fb00000,0x000000001fc00000)]
  0x000000001c1aa800 JavaThread "UrlChecker-2" daemon [_thread_blocked, id=26100, stack(0x000000001e350000,0x000000001e450000)]
  0x000000001c1a9800 JavaThread "Exec Default Executor" daemon [_thread_in_native, id=4948, stack(0x000000001e040000,0x000000001e140000)]
  0x00000000193b5000 JavaThread "Service Thread" daemon [_thread_blocked, id=20964, stack(0x0000000019840000,0x0000000019940000)]
  0x0000000019342000 JavaThread "C1 CompilerThread2" daemon [_thread_blocked, id=5864, stack(0x0000000019740000,0x0000000019840000)]
  0x00000000174bb000 JavaThread "C2 CompilerThread1" daemon [_thread_blocked, id=17112, stack(0x0000000019240000,0x0000000019340000)]
=>0x00000000174b9000 JavaThread "C2 CompilerThread0" daemon [_thread_in_native, id=8892, stack(0x0000000019140000,0x0000000019240000)]
  0x00000000174b6000 JavaThread "Attach Listener" daemon [_thread_blocked, id=17096, stack(0x0000000019040000,0x0000000019140000)]
  0x00000000174b2800 JavaThread "Signal Dispatcher" daemon [_thread_blocked, id=27740, stack(0x0000000018f40000,0x0000000019040000)]
  0x0000000017499000 JavaThread "Finalizer" daemon [_thread_blocked, id=31748, stack(0x0000000018d20000,0x0000000018e20000)]
  0x000000001748f800 JavaThread "Reference Handler" daemon [_thread_blocked, id=3884, stack(0x0000000018c20000,0x0000000018d20000)]
  0x000000000251f000 JavaThread "Forwarding clickElement on session 08ac60df84787a1dba92ed2f4fcb39b4 to remote" [_thread_in_native, id=9592, stack(0x00000000023e0000,0x00000000024e0000)]

Other Threads:
  0x0000000017469000 VMThread [stack: 0x0000000018b20000,0x0000000018c20000] [id=23688]
  0x0000000019409800 WatcherThread [stack: 0x0000000019940000,0x0000000019a40000] [id=10488]

VM state:not at safepoint (normal execution)

VM Mutex/Monitor currently owned by a thread: None

Heap:
 PSYoungGen      total 263168K, used 20703K [0x00000000d5580000, 0x00000000ea000000, 0x0000000100000000)
  eden space 251904K, 3% used [0x00000000d5580000,0x00000000d5f07170,0x00000000e4b80000)
  from space 11264K, 97% used [0x00000000e4b80000,0x00000000e5630cf0,0x00000000e5680000)
  to   space 12800K, 0% used [0x00000000e9380000,0x00000000e9380000,0x00000000ea000000)
 ParOldGen       total 59392K, used 13656K [0x0000000080000000, 0x0000000083a00000, 0x00000000d5580000)
  object space 59392K, 22% used [0x0000000080000000,0x0000000080d560b0,0x0000000083a00000)
 Metaspace       used 30123K, capacity 31176K, committed 31360K, reserved 1077248K
  class space    used 3635K, capacity 3956K, committed 3968K, reserved 1048576K

Card table byte_map: [0x00000000119d0000,0x0000000011de0000] byte_map_base: 0x00000000115d0000

Marking Bits: (ParMarkBitMap*) 0x000000005b3a2d00
 Begin Bits: [0x0000000012690000, 0x0000000014690000)
 End Bits:   [0x0000000014690000, 0x0000000016690000)

Polling page: 0x0000000000620000

CodeCache: size=245760Kb used=13932Kb max_used=14603Kb free=231827Kb
 bounds [0x0000000002610000, 0x0000000003460000, 0x0000000011610000]
 total_blobs=4164 nmethods=3481 adapters=594
 compilation: enabled

Compilation events (10 events):
Event: 7.160 Thread 0x0000000019342000 nmethod 3707 0x000000000280f690 code [0x000000000280f820, 0x000000000280fbd0]
Event: 7.162 Thread 0x0000000019342000 3708       1       java.io.FileDescriptor::access$000 (5 bytes)
Event: 7.162 Thread 0x0000000019342000 nmethod 3708 0x0000000002b4f7d0 code [0x0000000002b4f920, 0x0000000002b4fa10]
Event: 7.166 Thread 0x00000000174bb000 nmethod 3694 0x00000000028101d0 code [0x00000000028103c0, 0x0000000002811778]
Event: 7.166 Thread 0x00000000174bb000 3695       4       java.util.regex.Pattern::sequence (553 bytes)
Event: 7.170 Thread 0x0000000019342000 3709       3       java.util.stream.Collectors::toList (26 bytes)
Event: 7.170 Thread 0x0000000019342000 nmethod 3709 0x0000000002731190 code [0x0000000002731380, 0x0000000002731ce8]
Event: 7.170 Thread 0x0000000019342000 3710       3       java.util.stream.Collectors$$Lambda$205/2030121719::get (8 bytes)
Event: 7.170 Thread 0x0000000019342000 nmethod 3710 0x00000000029897d0 code [0x0000000002989940, 0x0000000002989c70]
Event: 7.172 Thread 0x00000000174bb000 nmethod 3695 0x0000000002844cd0 code [0x0000000002844ec0, 0x00000000028456b0]

GC Heap History (10 events):
Event: 1.853 GC heap before
{Heap before GC invocations=6 (full 0):
 PSYoungGen      total 70656K, used 70656K [0x00000000d5580000, 0x00000000dea80000, 0x0000000100000000)
  eden space 65536K, 100% used [0x00000000d5580000,0x00000000d9580000,0x00000000d9580000)
  from space 5120K, 100% used [0x00000000d9580000,0x00000000d9a80000,0x00000000d9a80000)
  to   space 10752K, 0% used [0x00000000de000000,0x00000000de000000,0x00000000dea80000)
 ParOldGen       total 86016K, used 8336K [0x0000000080000000, 0x0000000085400000, 0x00000000d5580000)
  object space 86016K, 9% used [0x0000000080000000,0x00000000808241f8,0x0000000085400000)
 Metaspace       used 20751K, capacity 21084K, committed 21296K, reserved 1069056K
  class space    used 2309K, capacity 2416K, committed 2432K, reserved 1048576K
Event: 1.865 GC heap after
Heap after GC invocations=6 (full 0):
 PSYoungGen      total 141312K, used 9276K [0x00000000d5580000, 0x00000000deb80000, 0x0000000100000000)
  eden space 130560K, 0% used [0x00000000d5580000,0x00000000d5580000,0x00000000dd500000)
  from space 10752K, 86% used [0x00000000de000000,0x00000000de90f2a8,0x00000000dea80000)
  to   space 11264K, 0% used [0x00000000dd500000,0x00000000dd500000,0x00000000de000000)
 ParOldGen       total 86016K, used 8344K [0x0000000080000000, 0x0000000085400000, 0x00000000d5580000)
  object space 86016K, 9% used [0x0000000080000000,0x00000000808261f8,0x0000000085400000)
 Metaspace       used 20751K, capacity 21084K, committed 21296K, reserved 1069056K
  class space    used 2309K, capacity 2416K, committed 2432K, reserved 1048576K
}
Event: 1.887 GC heap before
{Heap before GC invocations=7 (full 0):
 PSYoungGen      total 141312K, used 14461K [0x00000000d5580000, 0x00000000deb80000, 0x0000000100000000)
  eden space 130560K, 3% used [0x00000000d5580000,0x00000000d5a904a0,0x00000000dd500000)
  from space 10752K, 86% used [0x00000000de000000,0x00000000de90f2a8,0x00000000dea80000)
  to   space 11264K, 0% used [0x00000000dd500000,0x00000000dd500000,0x00000000de000000)
 ParOldGen       total 86016K, used 8344K [0x0000000080000000, 0x0000000085400000, 0x00000000d5580000)
  object space 86016K, 9% used [0x0000000080000000,0x00000000808261f8,0x0000000085400000)
 Metaspace       used 20836K, capacity 21148K, committed 21296K, reserved 1069056K
  class space    used 2323K, capacity 2416K, committed 2432K, reserved 1048576K
Event: 1.899 GC heap after
Heap after GC invocations=7 (full 0):
 PSYoungGen      total 141824K, used 6960K [0x00000000d5580000, 0x00000000e6980000, 0x0000000100000000)
  eden space 130560K, 0% used [0x00000000d5580000,0x00000000d5580000,0x00000000dd500000)
  from space 11264K, 61% used [0x00000000dd500000,0x00000000ddbcc010,0x00000000de000000)
  to   space 10752K, 0% used [0x00000000e5f00000,0x00000000e5f00000,0x00000000e6980000)
 ParOldGen       total 86016K, used 10849K [0x0000000080000000, 0x0000000085400000, 0x00000000d5580000)
  object space 86016K, 12% used [0x0000000080000000,0x0000000080a98490,0x0000000085400000)
 Metaspace       used 20836K, capacity 21148K, committed 21296K, reserved 1069056K
  class space    used 2323K, capacity 2416K, committed 2432K, reserved 1048576K
}
Event: 1.899 GC heap before
{Heap before GC invocations=8 (full 1):
 PSYoungGen      total 141824K, used 6960K [0x00000000d5580000, 0x00000000e6980000, 0x0000000100000000)
  eden space 130560K, 0% used [0x00000000d5580000,0x00000000d5580000,0x00000000dd500000)
  from space 11264K, 61% used [0x00000000dd500000,0x00000000ddbcc010,0x00000000de000000)
  to   space 10752K, 0% used [0x00000000e5f00000,0x00000000e5f00000,0x00000000e6980000)
 ParOldGen       total 86016K, used 10849K [0x0000000080000000, 0x0000000085400000, 0x00000000d5580000)
  object space 86016K, 12% used [0x0000000080000000,0x0000000080a98490,0x0000000085400000)
 Metaspace       used 20836K, capacity 21148K, committed 21296K, reserved 1069056K
  class space    used 2323K, capacity 2416K, committed 2432K, reserved 1048576K
Event: 1.958 GC heap after
Heap after GC invocations=8 (full 1):
 PSYoungGen      total 141824K, used 0K [0x00000000d5580000, 0x00000000e6980000, 0x0000000100000000)
  eden space 130560K, 0% used [0x00000000d5580000,0x00000000d5580000,0x00000000dd500000)
  from space 11264K, 0% used [0x00000000dd500000,0x00000000dd500000,0x00000000de000000)
  to   space 10752K, 0% used [0x00000000e5f00000,0x00000000e5f00000,0x00000000e6980000)
 ParOldGen       total 59392K, used 13640K [0x0000000080000000, 0x0000000083a00000, 0x00000000d5580000)
  object space 59392K, 22% used [0x0000000080000000,0x0000000080d520b0,0x0000000083a00000)
 Metaspace       used 20836K, capacity 21148K, committed 21296K, reserved 1069056K
  class space    used 2323K, capacity 2416K, committed 2432K, reserved 1048576K
}
Event: 2.497 GC heap before
{Heap before GC invocations=9 (full 1):
 PSYoungGen      total 141824K, used 130560K [0x00000000d5580000, 0x00000000e6980000, 0x0000000100000000)
  eden space 130560K, 100% used [0x00000000d5580000,0x00000000dd500000,0x00000000dd500000)
  from space 11264K, 0% used [0x00000000dd500000,0x00000000dd500000,0x00000000de000000)
  to   space 10752K, 0% used [0x00000000e5f00000,0x00000000e5f00000,0x00000000e6980000)
 ParOldGen       total 59392K, used 13640K [0x0000000080000000, 0x0000000083a00000, 0x00000000d5580000)
  object space 59392K, 22% used [0x0000000080000000,0x0000000080d520b0,0x0000000083a00000)
 Metaspace       used 22416K, capacity 22782K, committed 23088K, reserved 1069056K
  class space    used 2585K, capacity 2681K, committed 2688K, reserved 1048576K
Event: 2.500 GC heap after
Heap after GC invocations=9 (full 1):
 PSYoungGen      total 226816K, used 2432K [0x00000000d5580000, 0x00000000e6180000, 0x0000000100000000)
  eden space 224256K, 0% used [0x00000000d5580000,0x00000000d5580000,0x00000000e3080000)
  from space 2560K, 95% used [0x00000000e5f00000,0x00000000e6160000,0x00000000e6180000)
  to   space 11264K, 0% used [0x00000000e4b80000,0x00000000e4b80000,0x00000000e5680000)
 ParOldGen       total 59392K, used 13648K [0x0000000080000000, 0x0000000083a00000, 0x00000000d5580000)
  object space 59392K, 22% used [0x0000000080000000,0x0000000080d540b0,0x0000000083a00000)
 Metaspace       used 22416K, capacity 22782K, committed 23088K, reserved 1069056K
  class space    used 2585K, capacity 2681K, committed 2688K, reserved 1048576K
}
Event: 7.117 GC heap before
{Heap before GC invocations=10 (full 1):
 PSYoungGen      total 226816K, used 226688K [0x00000000d5580000, 0x00000000e6180000, 0x0000000100000000)
  eden space 224256K, 100% used [0x00000000d5580000,0x00000000e3080000,0x00000000e3080000)
  from space 2560K, 95% used [0x00000000e5f00000,0x00000000e6160000,0x00000000e6180000)
  to   space 11264K, 0% used [0x00000000e4b80000,0x00000000e4b80000,0x00000000e5680000)
 ParOldGen       total 59392K, used 13648K [0x0000000080000000, 0x0000000083a00000, 0x00000000d5580000)
  object space 59392K, 22% used [0x0000000080000000,0x0000000080d540b0,0x0000000083a00000)
 Metaspace       used 30110K, capacity 31162K, committed 31360K, reserved 1077248K
  class space    used 3634K, capacity 3954K, committed 3968K, reserved 1048576K
Event: 7.128 GC heap after
Heap after GC invocations=10 (full 1):
 PSYoungGen      total 263168K, used 10947K [0x00000000d5580000, 0x00000000ea000000, 0x0000000100000000)
  eden space 251904K, 0% used [0x00000000d5580000,0x00000000d5580000,0x00000000e4b80000)
  from space 11264K, 97% used [0x00000000e4b80000,0x00000000e5630cf0,0x00000000e5680000)
  to   space 12800K, 0% used [0x00000000e9380000,0x00000000e9380000,0x00000000ea000000)
 ParOldGen       total 59392K, used 13656K [0x0000000080000000, 0x0000000083a00000, 0x00000000d5580000)
  object space 59392K, 22% used [0x0000000080000000,0x0000000080d560b0,0x0000000083a00000)
 Metaspace       used 30110K, capacity 31162K, committed 31360K, reserved 1077248K
  class space    used 3634K, capacity 3954K, committed 3968K, reserved 1048576K
}

Deoptimization events (10 events):
Event: 5.305 Thread 0x000000000251f000 Uncommon trap: reason=bimorphic action=maybe_recompile pc=0x00000000030c5ffc method=java.util.HashMap.putVal(ILjava/lang/Object;Ljava/lang/Object;ZZ)Ljava/lang/Object; @ 203
Event: 5.305 Thread 0x000000000251f000 Uncommon trap: reason=unstable_if action=reinterpret pc=0x000000000298a184 method=java.util.HashMap.getNode(ILjava/lang/Object;)Ljava/util/HashMap$Node; @ 129
Event: 5.305 Thread 0x000000000251f000 Uncommon trap: reason=bimorphic action=maybe_recompile pc=0x00000000030c5ffc method=java.util.HashMap.putVal(ILjava/lang/Object;Ljava/lang/Object;ZZ)Ljava/lang/Object; @ 203
Event: 5.319 Thread 0x000000000251f000 Uncommon trap: reason=class_check action=maybe_recompile pc=0x0000000002fa5d90 method=java.util.regex.Matcher.match(II)Z @ 86
Event: 5.375 Thread 0x000000000251f000 Uncommon trap: reason=unstable_if action=reinterpret pc=0x000000000307fde4 method=java.lang.CharacterDataLatin1.digit(II)I @ 60
Event: 5.379 Thread 0x000000000251f000 Uncommon trap: reason=unstable_if action=reinterpret pc=0x0000000002fe3c50 method=groovy.lang.MetaClassImpl.checkIfStdMethod(Lgroovy/lang/MetaMethod;)V @ 9
Event: 5.560 Thread 0x000000000251f000 Uncommon trap: reason=bimorphic action=maybe_recompile pc=0x0000000002c6c6d0 method=java.net.URL.<init>(Ljava/net/URL;Ljava/lang/String;Ljava/net/URLStreamHandler;)V @ 504
Event: 6.140 Thread 0x000000000251f000 Uncommon trap: reason=unstable_if action=reinterpret pc=0x0000000003202d70 method=java.lang.Character.isHighSurrogate(C)Z @ 3
Event: 6.486 Thread 0x000000000251f000 Uncommon trap: reason=unstable_if action=reinterpret pc=0x00000000027a3a58 method=sun.nio.cs.UTF_8$Encoder.encode([CII[B)I @ 33
Event: 7.070 Thread 0x000000000251f000 Uncommon trap: reason=class_check action=maybe_recompile pc=0x0000000002edefc0 method=java.lang.Throwable.<init>(Ljava/lang/String;Ljava/lang/Throwable;)V @ 24

Classes redefined (0 events):
No events

Internal exceptions (10 events):
Event: 7.137 Thread 0x000000000251f000 Exception <a 'java/security/PrivilegedActionException'> (0x00000000d57d0f08) thrown at [C:\re\workspace\8-2-build-windows-amd64-cygwin\jdk8u181\11358\hotspot\src\share\vm\prims\jvm.cpp, line 1435]
Event: 7.137 Thread 0x000000000251f000 Exception <a 'java/security/PrivilegedActionException'> (0x00000000d57d14e8) thrown at [C:\re\workspace\8-2-build-windows-amd64-cygwin\jdk8u181\11358\hotspot\src\share\vm\prims\jvm.cpp, line 1435]
Event: 7.137 Thread 0x000000000251f000 Exception <a 'java/security/PrivilegedActionException'> (0x00000000d57d8568) thrown at [C:\re\workspace\8-2-build-windows-amd64-cygwin\jdk8u181\11358\hotspot\src\share\vm\prims\jvm.cpp, line 1435]
Event: 7.137 Thread 0x000000000251f000 Exception <a 'java/security/PrivilegedActionException'> (0x00000000d57d8b48) thrown at [C:\re\workspace\8-2-build-windows-amd64-cygwin\jdk8u181\11358\hotspot\src\share\vm\prims\jvm.cpp, line 1435]
Event: 7.141 Thread 0x000000000251f000 Exception <a 'java/lang/ClassNotFoundException': Script1BeanInfo> (0x00000000d58cce20) thrown at [C:\re\workspace\8-2-build-windows-amd64-cygwin\jdk8u181\11358\hotspot\src\share\vm\classfile\systemDictionary.cpp, line 210]
Event: 7.142 Thread 0x000000000251f000 Exception <a 'java/lang/ClassNotFoundException': Script1Customizer> (0x00000000d58ffca8) thrown at [C:\re\workspace\8-2-build-windows-amd64-cygwin\jdk8u181\11358\hotspot\src\share\vm\classfile\systemDictionary.cpp, line 210]
Event: 7.152 Thread 0x000000000251f000 Exception <a 'java/net/SocketTimeoutException': Read timed out> (0x00000000d5af4608) thrown at [C:\re\workspace\8-2-build-windows-amd64-cygwin\jdk8u181\11358\hotspot\src\share\vm\prims\jni.cpp, line 735]
Event: 7.159 Thread 0x000000000251f000 Exception <a 'java/lang/reflect/InvocationTargetException'> (0x00000000d5b1da68) thrown at [C:\re\workspace\8-2-build-windows-amd64-cygwin\jdk8u181\11358\hotspot\src\share\vm\runtime\reflection.cpp, line 1092]
Event: 7.162 Thread 0x000000000251f000 Exception <a 'java/net/SocketTimeoutException': Read timed out> (0x00000000d5b2a240) thrown at [C:\re\workspace\8-2-build-windows-amd64-cygwin\jdk8u181\11358\hotspot\src\share\vm\prims\jni.cpp, line 735]
Event: 7.172 Thread 0x000000000251f000 Exception <a 'java/net/SocketTimeoutException': Read timed out> (0x00000000d5b45918) thrown at [C:\re\workspace\8-2-build-windows-amd64-cygwin\jdk8u181\11358\hotspot\src\share\vm\prims\jni.cpp, line 735]

Events (10 events):
Event: 7.140 loading class Script1BeanInfo
Event: 7.140 loading class Script1BeanInfo done
Event: 7.141 loading class Script1BeanInfo
Event: 7.141 loading class Script1BeanInfo done
Event: 7.141 loading class Script1Customizer
Event: 7.141 loading class Script1Customizer done
Event: 7.142 loading class Script1Customizer
Event: 7.142 loading class Script1Customizer done
Event: 7.142 loading class Script1Customizer
Event: 7.142 loading class Script1Customizer done


Dynamic libraries:
0x00007ff671400000 - 0x00007ff671437000 	D:\Utilisateurs\samandari\QA\Outils\Katalon_Studio_Windows_64-7.7.1\jre\bin\javaw.exe
0x00007ff9c7240000 - 0x00007ff9c742d000 	C:\WINDOWS\SYSTEM32\ntdll.dll
0x00007ff9c4aa0000 - 0x00007ff9c4b53000 	C:\WINDOWS\System32\KERNEL32.DLL
0x00007ff9c41c0000 - 0x00007ff9c4455000 	C:\WINDOWS\System32\KERNELBASE.dll
0x000000005d100000 - 0x000000005d1a6000 	C:\WINDOWS\System32\SYSFER.DLL
0x00007ff9c45e0000 - 0x00007ff9c4683000 	C:\WINDOWS\System32\ADVAPI32.dll
0x00007ff9c5330000 - 0x00007ff9c53ce000 	C:\WINDOWS\System32\msvcrt.dll
0x00007ff9c53d0000 - 0x00007ff9c546e000 	C:\WINDOWS\System32\sechost.dll
0x00007ff9c4860000 - 0x00007ff9c4982000 	C:\WINDOWS\System32\RPCRT4.dll
0x00007ff9c4e90000 - 0x00007ff9c5027000 	C:\WINDOWS\System32\USER32.dll
0x00007ff9c3cc0000 - 0x00007ff9c3ce0000 	C:\WINDOWS\System32\win32u.dll
0x00007ff9c4690000 - 0x00007ff9c46b9000 	C:\WINDOWS\System32\GDI32.dll
0x00007ff9c4020000 - 0x00007ff9c41bc000 	C:\WINDOWS\System32\gdi32full.dll
0x00007ff9c3c20000 - 0x00007ff9c3cc0000 	C:\WINDOWS\System32\msvcp_win.dll
0x00007ff9c3b20000 - 0x00007ff9c3c1a000 	C:\WINDOWS\System32\ucrtbase.dll
0x00007ff9b8780000 - 0x00007ff9b89f9000 	C:\WINDOWS\WinSxS\amd64_microsoft.windows.common-controls_6595b64144ccf1df_6.0.17763.1577_none_de7444545348a3d0\COMCTL32.dll
0x00007ff9c4b60000 - 0x00007ff9c4e8d000 	C:\WINDOWS\System32\combase.dll
0x00007ff9c3340000 - 0x00007ff9c33be000 	C:\WINDOWS\System32\bcryptPrimitives.dll
0x00007ff9c4830000 - 0x00007ff9c485e000 	C:\WINDOWS\System32\IMM32.DLL
0x000000005a5a0000 - 0x000000005a672000 	D:\Utilisateurs\samandari\QA\Outils\Katalon_Studio_Windows_64-7.7.1\jre\bin\msvcr100.dll
0x000000005ab80000 - 0x000000005b422000 	D:\Utilisateurs\samandari\QA\Outils\Katalon_Studio_Windows_64-7.7.1\jre\bin\server\jvm.dll
0x00007ff9c7000000 - 0x00007ff9c7008000 	C:\WINDOWS\System32\PSAPI.DLL
0x00007ff9b3890000 - 0x00007ff9b3899000 	C:\WINDOWS\SYSTEM32\WSOCK32.dll
0x00007ff9c5210000 - 0x00007ff9c527d000 	C:\WINDOWS\System32\WS2_32.dll
0x00007ff9b86a0000 - 0x00007ff9b86c4000 	C:\WINDOWS\SYSTEM32\WINMM.dll
0x00007ff9ba300000 - 0x00007ff9ba30a000 	C:\WINDOWS\SYSTEM32\VERSION.dll
0x00007ff9b8670000 - 0x00007ff9b869d000 	C:\WINDOWS\SYSTEM32\WINMMBASE.dll
0x00007ff9c32f0000 - 0x00007ff9c333a000 	C:\WINDOWS\System32\cfgmgr32.dll
0x000000005c4d0000 - 0x000000005c4df000 	D:\Utilisateurs\samandari\QA\Outils\Katalon_Studio_Windows_64-7.7.1\jre\bin\verify.dll
0x000000005a8b0000 - 0x000000005a8d9000 	D:\Utilisateurs\samandari\QA\Outils\Katalon_Studio_Windows_64-7.7.1\jre\bin\java.dll
0x000000005c4b0000 - 0x000000005c4c6000 	D:\Utilisateurs\samandari\QA\Outils\Katalon_Studio_Windows_64-7.7.1\jre\bin\zip.dll
0x00007ff9c5950000 - 0x00007ff9c6e49000 	C:\WINDOWS\System32\SHELL32.dll
0x00007ff9c49f0000 - 0x00007ff9c4a98000 	C:\WINDOWS\System32\shcore.dll
0x00007ff9c33c0000 - 0x00007ff9c3b13000 	C:\WINDOWS\System32\windows.storage.dll
0x00007ff9c32c0000 - 0x00007ff9c32e4000 	C:\WINDOWS\System32\profapi.dll
0x00007ff9c3220000 - 0x00007ff9c327d000 	C:\WINDOWS\System32\powrprof.dll
0x00007ff9c5470000 - 0x00007ff9c54c2000 	C:\WINDOWS\System32\shlwapi.dll
0x00007ff9c3280000 - 0x00007ff9c3291000 	C:\WINDOWS\System32\kernel.appcore.dll
0x00007ff9c3ce0000 - 0x00007ff9c3cf7000 	C:\WINDOWS\System32\cryptsp.dll
0x000000005a890000 - 0x000000005a8aa000 	D:\Utilisateurs\samandari\QA\Outils\Katalon_Studio_Windows_64-7.7.1\jre\bin\net.dll
0x00007ff9c2a90000 - 0x00007ff9c2af7000 	C:\WINDOWS\system32\mswsock.dll
0x000000005a870000 - 0x000000005a881000 	D:\Utilisateurs\samandari\QA\Outils\Katalon_Studio_Windows_64-7.7.1\jre\bin\nio.dll
0x00007ff9c27f0000 - 0x00007ff9c28b6000 	C:\WINDOWS\SYSTEM32\DNSAPI.dll
0x00007ff9c5200000 - 0x00007ff9c5208000 	C:\WINDOWS\System32\NSI.dll
0x00007ff9c27b0000 - 0x00007ff9c27ed000 	C:\WINDOWS\SYSTEM32\IPHLPAPI.DLL
0x00007ff9bcc30000 - 0x00007ff9bcc3a000 	C:\Windows\System32\rasadhlp.dll
0x00007ff9c1210000 - 0x00007ff9c1289000 	C:\WINDOWS\System32\fwpuclnt.dll
0x00007ff9c3ff0000 - 0x00007ff9c4016000 	C:\WINDOWS\System32\bcrypt.dll
0x000000005a840000 - 0x000000005a864000 	D:\Utilisateurs\samandari\QA\Outils\Katalon_Studio_Windows_64-7.7.1\jre\bin\sunec.dll
0x000000005a830000 - 0x000000005a83b000 	D:\Utilisateurs\samandari\QA\Outils\Katalon_Studio_Windows_64-7.7.1\jre\bin\sunmscapi.dll
0x00007ff9c3e10000 - 0x00007ff9c3fec000 	C:\WINDOWS\System32\CRYPT32.dll
0x00007ff9c32a0000 - 0x00007ff9c32b2000 	C:\WINDOWS\System32\MSASN1.dll
0x00007ff9c0f90000 - 0x00007ff9c0fa6000 	C:\WINDOWS\SYSTEM32\dhcpcsvc6.DLL
0x00007ff9c0f70000 - 0x00007ff9c0f8c000 	C:\WINDOWS\SYSTEM32\dhcpcsvc.DLL
0x00007ff9c2610000 - 0x00007ff9c2643000 	C:\WINDOWS\system32\rsaenh.dll
0x00007ff9c3120000 - 0x00007ff9c3149000 	C:\WINDOWS\SYSTEM32\USERENV.dll
0x00007ff9c2c60000 - 0x00007ff9c2c6c000 	C:\WINDOWS\SYSTEM32\CRYPTBASE.dll
0x00007ff9b2780000 - 0x00007ff9b2796000 	C:\WINDOWS\system32\napinsp.dll
0x00007ff9b2300000 - 0x00007ff9b231a000 	C:\WINDOWS\system32\pnrpnsp.dll
0x00007ff9b3860000 - 0x00007ff9b386e000 	C:\WINDOWS\System32\winrnr.dll
0x00007ff9be9b0000 - 0x00007ff9be9cb000 	C:\WINDOWS\system32\NLAapi.dll
0x00007ff9bd6a0000 - 0x00007ff9bd6b5000 	C:\WINDOWS\system32\wshbth.dll

VM Arguments:
jvm_args: -Dgroovy.home=/D:/Utilisateurs/samandari/QA/Outils/Katalon_Studio_Windows_64-7.7.1/plugins/org.codehaus.groovy_2.4.7.xx-201611170128-e46/ -Xmx2048m -Dfile.encoding=UTF-8 
java_command: org.codehaus.groovy.tools.GroovyStarter --classpath D:\Utilisateurs\samandari\QA\PROJET AUTOMATISATION\E-REQUISITION\EREQUISITION\Include\scripts\groovy;D:\Utilisateurs\samandari\QA\PROJET AUTOMATISATION\E-REQUISITION\EREQUISITION\Keywords;D:\Utilisateurs\samandari\QA\PROJET AUTOMATISATION\E-REQUISITION\EREQUISITION\Libs;D:\Utilisateurs\samandari\QA\PROJET AUTOMATISATION\E-REQUISITION\EREQUISITION\Test Listeners;D:\Utilisateurs\samandari\QA\Outils\Katalon_Studio_Windows_64-7.7.1\configuration\org.eclipse.osgi\24\0\.cp\resources\basic-report\katalon-studio-report-plugin.jar;D:\Utilisateurs\samandari\QA\Outils\Katalon_Studio_Windows_64-7.7.1\configuration\resources\lib\aalto-xml-1.0.0.jar;D:\Utilisateurs\samandari\QA\Outils\Katalon_Studio_Windows_64-7.7.1\configuration\resources\lib\aspectjweaver-1.9.1.jar;D:\Utilisateurs\samandari\QA\Outils\Katalon_Studio_Windows_64-7.7.1\configuration\resources\lib\bcpkix-jdk15on-1.58.jar;D:\Utilisateurs\samandari\QA\Outils\Katalon_Studio_Windows_64-7.7.1\configuration\resources\lib\bcprov-jdk15on-1.58.jar;D:\Utilisateurs\samandari\QA\Outils\Katalon_Studio_Windows_64-7.7.1\configuration\resources\lib\browsermob-core-2.1.5.jar;D:\Utilisateurs\samandari\QA\Outils\Katalon_Studio_Windows_64-7.7.1\configuration\resources\lib\cglib-3.2.10.jar;D:\Utilisateurs\samandari\QA\Outils\Katalon_Studio_Windows_64-7.7.1\configuration\resources\lib\commons-codec-1.10.jar;D:\Utilisateurs\samandari\QA\Outils\Katalon_Studio_Windows_64-7.7.1\configuration\resources\lib\commons-collections4-4.1.jar;D:\Utilisateurs\samandari\QA\Outils\Katalon_Studio_Windows_64-7.7.1\configuration\resources\lib\commons-validator-1.6.jar;D:\Utilisateurs\samandari\QA\Outils\Katalon_Studio_Windows_64-7.7.1\configuration\resources\lib\curvesapi-1.04.jar;D:\Utilisateurs\samandari\QA\Outils\Katalon_Studio_Windows_64-7.7.1\configuration\resources\lib\dnsjava-2.1.8.jar;D:\Utilisateurs\samandari\QA\Outils\Katalon_Studio_Windows_64-7.7.1\configuration\resources\lib\ja
java_class_path (initial): D:\Utilisateurs\samandari\QA\PROJET AUTOMATISATION\E-REQUISITION\EREQUISITION\bin\keyword;D:\Utilisateurs\samandari\QA\PROJET AUTOMATISATION\E-REQUISITION\EREQUISITION\bin\listener;D:\Utilisateurs\samandari\QA\PROJET AUTOMATISATION\E-REQUISITION\EREQUISITION\bin\lib;D:\Utilisateurs\samandari\QA\PROJET AUTOMATISATION\E-REQUISITION\EREQUISITION\bin\groovy;D:\Utilisateurs\samandari\QA\PROJET AUTOMATISATION\E-REQUISITION\EREQUISITION\bin;D:\Utilisateurs\samandari\QA\Outils\Katalon_Studio_Windows_64-7.7.1\plugins\com.kms.katalon.core_1.0.0.202009220546.jar;D:\Utilisateurs\samandari\QA\Outils\Katalon_Studio_Windows_64-7.7.1\configuration\resources\lib\aalto-xml-1.0.0.jar;D:\Utilisateurs\samandari\QA\Outils\Katalon_Studio_Windows_64-7.7.1\configuration\resources\lib\aspectjweaver-1.9.1.jar;D:\Utilisateurs\samandari\QA\Outils\Katalon_Studio_Windows_64-7.7.1\configuration\resources\lib\bcpkix-jdk15on-1.58.jar;D:\Utilisateurs\samandari\QA\Outils\Katalon_Studio_Windows_64-7.7.1\configuration\resources\lib\bcprov-jdk15on-1.58.jar;D:\Utilisateurs\samandari\QA\Outils\Katalon_Studio_Windows_64-7.7.1\configuration\resources\lib\browsermob-core-2.1.5.jar;D:\Utilisateurs\samandari\QA\Outils\Katalon_Studio_Windows_64-7.7.1\configuration\resources\lib\cglib-3.2.10.jar;D:\Utilisateurs\samandari\QA\Outils\Katalon_Studio_Windows_64-7.7.1\configuration\resources\lib\commons-codec-1.10.jar;D:\Utilisateurs\samandari\QA\Outils\Katalon_Studio_Windows_64-7.7.1\configuration\resources\lib\commons-collections4-4.1.jar;D:\Utilisateurs\samandari\QA\Outils\Katalon_Studio_Windows_64-7.7.1\configuration\resources\lib\commons-validator-1.6.jar;D:\Utilisateurs\samandari\QA\Outils\Katalon_Studio_Windows_64-7.7.1\configuration\resources\lib\curvesapi-1.04.jar;D:\Utilisateurs\samandari\QA\Outils\Katalon_Studio_Windows_64-7.7.1\configuration\resources\lib\dnsjava-2.1.8.jar;D:\Utilisateurs\samandari\QA\Outils\Katalon_Studio_Windows_64-7.7.1\configuration\resources\lib\java-client
Launcher Type: SUN_STANDARD

Environment Variables:
JAVA_HOME=C:\Program Files\Java\jdk1.8.0_281
PATH=D:/Utilisateurs/samandari/QA/Outils/Katalon_Studio_Windows_64-7.7.1/jre/bin/server;D:/Utilisateurs/samandari/QA/Outils/Katalon_Studio_Windows_64-7.7.1/jre/bin;D:/Utilisateurs/samandari/QA/Outils/Katalon_Studio_Windows_64-7.7.1/jre/lib/amd64;C:\Program Files (x86)\Common Files\Oracle\Java\javapath;C:\ProgramData\Oracle\Java\javapath;C:\Python27\;C:\Python27\Scripts;C:\WINDOWS\system32;C:\WINDOWS;C:\WINDOWS\System32\Wbem;C:\WINDOWS\System32\WindowsPowerShell\v1.0\;C:\Program Files\PuTTY\;C:\Program Files\Git\cmd;C:\ProgramData\chocolatey\bin;C:\Program Files\Java\jdk1.8.0_281\bin;C:\Program Files\nodejs\;D:\Utilisateurs\samandari\AppData\Local\Microsoft\WindowsApps;D:\Utilisateurs\samandari\AppData\Roaming\npm;D:\Utilisateurs\samandari\QA\Outils\Katalon_Studio_Windows_64-7.7.1;
USERNAME=samandari
OS=Windows_NT
PROCESSOR_IDENTIFIER=Intel64 Family 6 Model 158 Stepping 10, GenuineIntel



---------------  S Y S T E M  ---------------

OS: Windows 10.0 , 64 bit Build 17763 (10.0.17763.475)

CPU:total 6 (initial active 6) (6 cores per cpu, 1 threads per core) family 6 model 158 stepping 10, cmov, cx8, fxsr, mmx, sse, sse2, sse3, ssse3, sse4.1, sse4.2, popcnt, avx, avx2, aes, clmul, erms, rtm, 3dnowpref, lzcnt, tsc, tscinvbit, bmi1, bmi2, adx

Memory: 4k page, physical 8236320k(626100k free), swap 20720924k(5000k free)

vm_info: Java HotSpot(TM) 64-Bit Server VM (25.181-b13) for windows-amd64 JRE (1.8.0_181-b13), built on Jul  7 2018 04:01:33 by "java_re" with MS VC++ 10.0 (VS2010)

time: Wed Apr 07 15:24:44 2021
elapsed time: 7 seconds (0d 0h 0m 7s)

