#
# There is insufficient memory for the Java Runtime Environment to continue.
# Native memory allocation (malloc) failed to allocate 32744 bytes for ChunkPool::allocate
# Possible reasons:
#   The system is out of physical RAM or swap space
#   In 32 bit mode, the process size limit was hit
# Possible solutions:
#   Reduce memory load on the system
#   Increase physical memory or swap space
#   Check if swap backing store is full
#   Use 64 bit Java on a 64 bit OS
#   Decrease Java heap size (-Xmx/-Xms)
#   Decrease number of Java threads
#   Decrease Java thread stack sizes (-Xss)
#   Set larger code cache with -XX:ReservedCodeCacheSize=
# This output file may be truncated or incomplete.
#
#  Out of Memory Error (allocation.cpp:273), pid=31808, tid=0x00000000000046d4
#
# JRE version: Java(TM) SE Runtime Environment (8.0_181-b13) (build 1.8.0_181-b13)
# Java VM: Java HotSpot(TM) 64-Bit Server VM (25.181-b13 mixed mode windows-amd64 compressed oops)
# Failed to write core dump. Minidumps are not enabled by default on client versions of Windows
#

---------------  T H R E A D  ---------------

Current thread (0x0000000017d2c000):  JavaThread "C2 CompilerThread1" daemon [_thread_in_native, id=18132, stack(0x0000000019ec0000,0x0000000019fc0000)]

Stack: [0x0000000019ec0000,0x0000000019fc0000]
[error occurred during error reporting (printing stack bounds), id 0xc0000005]

Native frames: (J=compiled Java code, j=interpreted, Vv=VM code, C=native code)


Current CompileTask:
C2:   8916 3615       4       com.sun.beans.TypeResolver::resolve (37 bytes)


---------------  P R O C E S S  ---------------

Java Threads: ( => current thread )
  0x000000001d7e3800 JavaThread "Okio Watchdog" daemon [_thread_blocked, id=31540, stack(0x000000001fb00000,0x000000001fc00000)]
  0x000000001d7e1000 JavaThread "OkHttp ConnectionPool" daemon [_thread_blocked, id=1656, stack(0x000000001fa00000,0x000000001fb00000)]
  0x000000001d7e0000 JavaThread "ForkJoinPool.commonPool-worker-3" daemon [_thread_blocked, id=26176, stack(0x000000001f700000,0x000000001f800000)]
  0x000000001d7e2800 JavaThread "ForkJoinPool.commonPool-worker-2" daemon [_thread_blocked, id=696, stack(0x000000001f600000,0x000000001f700000)]
  0x000000001d7e1800 JavaThread "ForkJoinPool.commonPool-worker-1" daemon [_thread_blocked, id=19644, stack(0x000000001f500000,0x000000001f600000)]
  0x000000001d7df800 JavaThread "Keep-Alive-Timer" daemon [_thread_blocked, id=32068, stack(0x000000001f400000,0x000000001f500000)]
  0x000000001d7de800 JavaThread "Exec Stream Pumper" daemon [_thread_in_native, id=8620, stack(0x000000001f300000,0x000000001f400000)]
  0x000000001d7de000 JavaThread "Exec Stream Pumper" daemon [_thread_in_native, id=6288, stack(0x000000001f200000,0x000000001f300000)]
  0x000000001d7e4000 JavaThread "UrlChecker-2" daemon [_thread_blocked, id=19940, stack(0x000000001f000000,0x000000001f100000)]
  0x000000001d7dd000 JavaThread "Exec Default Executor" daemon [_thread_in_native, id=10724, stack(0x000000001cc60000,0x000000001cd60000)]
  0x0000000019b3f800 JavaThread "Service Thread" daemon [_thread_blocked, id=14660, stack(0x000000001a0c0000,0x000000001a1c0000)]
  0x0000000019aca800 JavaThread "C1 CompilerThread2" daemon [_thread_blocked, id=12720, stack(0x0000000019fc0000,0x000000001a0c0000)]
=>0x0000000017d2c000 JavaThread "C2 CompilerThread1" daemon [_thread_in_native, id=18132, stack(0x0000000019ec0000,0x0000000019fc0000)]
  0x0000000017d2a000 JavaThread "C2 CompilerThread0" daemon [_thread_blocked, id=10652, stack(0x00000000199c0000,0x0000000019ac0000)]
  0x0000000017d27000 JavaThread "Attach Listener" daemon [_thread_blocked, id=24384, stack(0x00000000198c0000,0x00000000199c0000)]
  0x0000000017d23800 JavaThread "Signal Dispatcher" daemon [_thread_blocked, id=29036, stack(0x00000000197c0000,0x00000000198c0000)]
  0x0000000017d08000 JavaThread "Finalizer" daemon [_thread_blocked, id=11348, stack(0x00000000195a0000,0x00000000196a0000)]
  0x0000000017cfe800 JavaThread "Reference Handler" daemon [_thread_blocked, id=24480, stack(0x00000000194a0000,0x00000000195a0000)]
  0x0000000002dbf000 JavaThread "Forwarding executeAsyncScript on session c7d988a7d6611fbec31adeb77ec44576 to remote" [_thread_in_native, id=14096, stack(0x0000000002cb0000,0x0000000002db0000)]

Other Threads:
  0x0000000017cd8000 VMThread [stack: 0x00000000193a0000,0x00000000194a0000] [id=7840]
  0x0000000019bb9000 WatcherThread [stack: 0x000000001a1c0000,0x000000001a2c0000] [id=26144]

VM state:not at safepoint (normal execution)

VM Mutex/Monitor currently owned by a thread: None

Heap:
 PSYoungGen      total 217600K, used 207908K [0x00000000d5580000, 0x00000000e6180000, 0x0000000100000000)
  eden space 215040K, 95% used [0x00000000d5580000,0x00000000e1e213d0,0x00000000e2780000)
  from space 2560K, 96% used [0x00000000e5f00000,0x00000000e6168000,0x00000000e6180000)
  to   space 11264K, 0% used [0x00000000e4b80000,0x00000000e4b80000,0x00000000e5680000)
 ParOldGen       total 60928K, used 13655K [0x0000000080000000, 0x0000000083b80000, 0x00000000d5580000)
  object space 60928K, 22% used [0x0000000080000000,0x0000000080d55d00,0x0000000083b80000)
 Metaspace       used 29696K, capacity 30660K, committed 30848K, reserved 1077248K
  class space    used 3570K, capacity 3857K, committed 3968K, reserved 1048576K

Card table byte_map: [0x0000000012270000,0x0000000012680000] byte_map_base: 0x0000000011e70000

Marking Bits: (ParMarkBitMap*) 0x000000005b3a2d00
 Begin Bits: [0x0000000012f30000, 0x0000000014f30000)
 End Bits:   [0x0000000014f30000, 0x0000000016f30000)

Polling page: 0x00000000012e0000

CodeCache: size=245760Kb used=14378Kb max_used=14378Kb free=231381Kb
 bounds [0x0000000002eb0000, 0x0000000003cd0000, 0x0000000011eb0000]
 total_blobs=4242 nmethods=3565 adapters=588
 compilation: enabled

Compilation events (10 events):
Event: 8.825 Thread 0x0000000019aca800 3612   !   3       java.beans.Introspector::getTargetPropertyInfo (582 bytes)
Event: 8.827 Thread 0x0000000019aca800 nmethod 3612 0x0000000003cbe990 code [0x0000000003cbeea0, 0x0000000003cc2a38]
Event: 8.827 Thread 0x0000000019aca800 3616       3       org.codehaus.groovy.classgen.asm.BytecodeHelper::getClassInternalName (9 bytes)
Event: 8.827 Thread 0x0000000019aca800 nmethod 3616 0x0000000003ca3b90 code [0x0000000003ca3d00, 0x0000000003ca3f08]
Event: 8.827 Thread 0x0000000019aca800 3613       1       java.beans.Introspector::getTargetDefaultEventIndex (5 bytes)
Event: 8.827 Thread 0x0000000019aca800 nmethod 3613 0x0000000003ca38d0 code [0x0000000003ca3a20, 0x0000000003ca3b30]
Event: 8.827 Thread 0x0000000019aca800 3614       1       java.beans.Introspector::getTargetDefaultPropertyIndex (5 bytes)
Event: 8.827 Thread 0x0000000019aca800 nmethod 3614 0x0000000003ca3610 code [0x0000000003ca3760, 0x0000000003ca3870]
Event: 8.827 Thread 0x0000000019aca800 3617       1       org.openqa.selenium.json.JsonOutput::access$500 (5 bytes)
Event: 8.827 Thread 0x0000000019aca800 nmethod 3617 0x0000000003ca3350 code [0x0000000003ca34a0, 0x0000000003ca3590]

GC Heap History (10 events):
Event: 1.456 GC heap before
{Heap before GC invocations=5 (full 0):
 PSYoungGen      total 70656K, used 70651K [0x00000000d5580000, 0x00000000d9f80000, 0x0000000100000000)
  eden space 65536K, 100% used [0x00000000d5580000,0x00000000d9580000,0x00000000d9580000)
  from space 5120K, 99% used [0x00000000d9a80000,0x00000000d9f7ec10,0x00000000d9f80000)
  to   space 5120K, 0% used [0x00000000d9580000,0x00000000d9580000,0x00000000d9a80000)
 ParOldGen       total 86016K, used 3169K [0x0000000080000000, 0x0000000085400000, 0x00000000d5580000)
  object space 86016K, 3% used [0x0000000080000000,0x00000000803185b8,0x0000000085400000)
 Metaspace       used 20068K, capacity 20302K, committed 20608K, reserved 1067008K
  class space    used 2252K, capacity 2333K, committed 2432K, reserved 1048576K
Event: 1.463 GC heap after
Heap after GC invocations=5 (full 0):
 PSYoungGen      total 70656K, used 5111K [0x00000000d5580000, 0x00000000dea80000, 0x0000000100000000)
  eden space 65536K, 0% used [0x00000000d5580000,0x00000000d5580000,0x00000000d9580000)
  from space 5120K, 99% used [0x00000000d9580000,0x00000000d9a7ddd0,0x00000000d9a80000)
  to   space 10752K, 0% used [0x00000000de000000,0x00000000de000000,0x00000000dea80000)
 ParOldGen       total 86016K, used 8390K [0x0000000080000000, 0x0000000085400000, 0x00000000d5580000)
  object space 86016K, 9% used [0x0000000080000000,0x0000000080831b30,0x0000000085400000)
 Metaspace       used 20068K, capacity 20302K, committed 20608K, reserved 1067008K
  class space    used 2252K, capacity 2333K, committed 2432K, reserved 1048576K
}
Event: 1.679 GC heap before
{Heap before GC invocations=6 (full 0):
 PSYoungGen      total 70656K, used 70647K [0x00000000d5580000, 0x00000000dea80000, 0x0000000100000000)
  eden space 65536K, 100% used [0x00000000d5580000,0x00000000d9580000,0x00000000d9580000)
  from space 5120K, 99% used [0x00000000d9580000,0x00000000d9a7ddd0,0x00000000d9a80000)
  to   space 10752K, 0% used [0x00000000de000000,0x00000000de000000,0x00000000dea80000)
 ParOldGen       total 86016K, used 8390K [0x0000000080000000, 0x0000000085400000, 0x00000000d5580000)
  object space 86016K, 9% used [0x0000000080000000,0x0000000080831b30,0x0000000085400000)
 Metaspace       used 20745K, capacity 21146K, committed 21296K, reserved 1069056K
  class space    used 2300K, capacity 2414K, committed 2432K, reserved 1048576K
Event: 1.690 GC heap after
Heap after GC invocations=6 (full 0):
 PSYoungGen      total 141312K, used 9036K [0x00000000d5580000, 0x00000000deb80000, 0x0000000100000000)
  eden space 130560K, 0% used [0x00000000d5580000,0x00000000d5580000,0x00000000dd500000)
  from space 10752K, 84% used [0x00000000de000000,0x00000000de8d32d8,0x00000000dea80000)
  to   space 11264K, 0% used [0x00000000dd500000,0x00000000dd500000,0x00000000de000000)
 ParOldGen       total 86016K, used 8390K [0x0000000080000000, 0x0000000085400000, 0x00000000d5580000)
  object space 86016K, 9% used [0x0000000080000000,0x0000000080831b30,0x0000000085400000)
 Metaspace       used 20745K, capacity 21146K, committed 21296K, reserved 1069056K
  class space    used 2300K, capacity 2414K, committed 2432K, reserved 1048576K
}
Event: 1.718 GC heap before
{Heap before GC invocations=7 (full 0):
 PSYoungGen      total 141312K, used 16790K [0x00000000d5580000, 0x00000000deb80000, 0x0000000100000000)
  eden space 130560K, 5% used [0x00000000d5580000,0x00000000d5d12608,0x00000000dd500000)
  from space 10752K, 84% used [0x00000000de000000,0x00000000de8d32d8,0x00000000dea80000)
  to   space 11264K, 0% used [0x00000000dd500000,0x00000000dd500000,0x00000000de000000)
 ParOldGen       total 86016K, used 8390K [0x0000000080000000, 0x0000000085400000, 0x00000000d5580000)
  object space 86016K, 9% used [0x0000000080000000,0x0000000080831b30,0x0000000085400000)
 Metaspace       used 20822K, capacity 21152K, committed 21296K, reserved 1069056K
  class space    used 2312K, capacity 2416K, committed 2432K, reserved 1048576K
Event: 1.725 GC heap after
Heap after GC invocations=7 (full 0):
 PSYoungGen      total 141824K, used 7520K [0x00000000d5580000, 0x00000000e6980000, 0x0000000100000000)
  eden space 130560K, 0% used [0x00000000d5580000,0x00000000d5580000,0x00000000dd500000)
  from space 11264K, 66% used [0x00000000dd500000,0x00000000ddc58020,0x00000000de000000)
  to   space 10752K, 0% used [0x00000000e5f00000,0x00000000e5f00000,0x00000000e6980000)
 ParOldGen       total 86016K, used 10396K [0x0000000080000000, 0x0000000085400000, 0x00000000d5580000)
  object space 86016K, 12% used [0x0000000080000000,0x0000000080a272a0,0x0000000085400000)
 Metaspace       used 20822K, capacity 21152K, committed 21296K, reserved 1069056K
  class space    used 2312K, capacity 2416K, committed 2432K, reserved 1048576K
}
Event: 1.725 GC heap before
{Heap before GC invocations=8 (full 1):
 PSYoungGen      total 141824K, used 7520K [0x00000000d5580000, 0x00000000e6980000, 0x0000000100000000)
  eden space 130560K, 0% used [0x00000000d5580000,0x00000000d5580000,0x00000000dd500000)
  from space 11264K, 66% used [0x00000000dd500000,0x00000000ddc58020,0x00000000de000000)
  to   space 10752K, 0% used [0x00000000e5f00000,0x00000000e5f00000,0x00000000e6980000)
 ParOldGen       total 86016K, used 10396K [0x0000000080000000, 0x0000000085400000, 0x00000000d5580000)
  object space 86016K, 12% used [0x0000000080000000,0x0000000080a272a0,0x0000000085400000)
 Metaspace       used 20822K, capacity 21152K, committed 21296K, reserved 1069056K
  class space    used 2312K, capacity 2416K, committed 2432K, reserved 1048576K
Event: 1.770 GC heap after
Heap after GC invocations=8 (full 1):
 PSYoungGen      total 141824K, used 0K [0x00000000d5580000, 0x00000000e6980000, 0x0000000100000000)
  eden space 130560K, 0% used [0x00000000d5580000,0x00000000d5580000,0x00000000dd500000)
  from space 11264K, 0% used [0x00000000dd500000,0x00000000dd500000,0x00000000de000000)
  to   space 10752K, 0% used [0x00000000e5f00000,0x00000000e5f00000,0x00000000e6980000)
 ParOldGen       total 60928K, used 13647K [0x0000000080000000, 0x0000000083b80000, 0x00000000d5580000)
  object space 60928K, 22% used [0x0000000080000000,0x0000000080d53d00,0x0000000083b80000)
 Metaspace       used 20822K, capacity 21152K, committed 21296K, reserved 1069056K
  class space    used 2312K, capacity 2416K, committed 2432K, reserved 1048576K
}
Event: 2.316 GC heap before
{Heap before GC invocations=9 (full 1):
 PSYoungGen      total 141824K, used 130560K [0x00000000d5580000, 0x00000000e6980000, 0x0000000100000000)
  eden space 130560K, 100% used [0x00000000d5580000,0x00000000dd500000,0x00000000dd500000)
  from space 11264K, 0% used [0x00000000dd500000,0x00000000dd500000,0x00000000de000000)
  to   space 10752K, 0% used [0x00000000e5f00000,0x00000000e5f00000,0x00000000e6980000)
 ParOldGen       total 60928K, used 13647K [0x0000000080000000, 0x0000000083b80000, 0x00000000d5580000)
  object space 60928K, 22% used [0x0000000080000000,0x0000000080d53d00,0x0000000083b80000)
 Metaspace       used 22476K, capacity 22850K, committed 23088K, reserved 1069056K
  class space    used 2582K, capacity 2681K, committed 2688K, reserved 1048576K
Event: 2.319 GC heap after
Heap after GC invocations=9 (full 1):
 PSYoungGen      total 217600K, used 2464K [0x00000000d5580000, 0x00000000e6180000, 0x0000000100000000)
  eden space 215040K, 0% used [0x00000000d5580000,0x00000000d5580000,0x00000000e2780000)
  from space 2560K, 96% used [0x00000000e5f00000,0x00000000e6168000,0x00000000e6180000)
  to   space 11264K, 0% used [0x00000000e4b80000,0x00000000e4b80000,0x00000000e5680000)
 ParOldGen       total 60928K, used 13655K [0x0000000080000000, 0x0000000083b80000, 0x00000000d5580000)
  object space 60928K, 22% used [0x0000000080000000,0x0000000080d55d00,0x0000000083b80000)
 Metaspace       used 22476K, capacity 22850K, committed 23088K, reserved 1069056K
  class space    used 2582K, capacity 2681K, committed 2688K, reserved 1048576K
}

Deoptimization events (10 events):
Event: 5.049 Thread 0x0000000002dbf000 Uncommon trap: reason=bimorphic action=maybe_recompile pc=0x00000000039a29c0 method=java.util.HashMap.putVal(ILjava/lang/Object;Ljava/lang/Object;ZZ)Ljava/lang/Object; @ 203
Event: 5.050 Thread 0x0000000002dbf000 Uncommon trap: reason=bimorphic action=maybe_recompile pc=0x00000000039a29c0 method=java.util.HashMap.putVal(ILjava/lang/Object;Ljava/lang/Object;ZZ)Ljava/lang/Object; @ 203
Event: 5.050 Thread 0x0000000002dbf000 Uncommon trap: reason=bimorphic action=maybe_recompile pc=0x00000000039ac1b8 method=java.util.HashMap.putVal(ILjava/lang/Object;Ljava/lang/Object;ZZ)Ljava/lang/Object; @ 203
Event: 5.057 Thread 0x0000000002dbf000 Uncommon trap: reason=class_check action=maybe_recompile pc=0x0000000003860250 method=java.util.regex.Matcher.match(II)Z @ 86
Event: 5.106 Thread 0x0000000002dbf000 Uncommon trap: reason=unstable_if action=reinterpret pc=0x000000000394fcf4 method=java.lang.CharacterDataLatin1.digit(II)I @ 60
Event: 5.108 Thread 0x0000000002dbf000 Uncommon trap: reason=unstable_if action=reinterpret pc=0x0000000003ae4ce8 method=groovy.lang.MetaClassImpl.checkIfStdMethod(Lgroovy/lang/MetaMethod;)V @ 9
Event: 5.237 Thread 0x0000000002dbf000 Uncommon trap: reason=unstable_if action=reinterpret pc=0x00000000039539ac method=java.lang.CharacterDataLatin1.digit(II)I @ 60
Event: 5.338 Thread 0x0000000002dbf000 Uncommon trap: reason=bimorphic action=maybe_recompile pc=0x000000000350b3bc method=java.net.URL.<init>(Ljava/net/URL;Ljava/lang/String;Ljava/net/URLStreamHandler;)V @ 504
Event: 6.230 Thread 0x0000000002dbf000 Uncommon trap: reason=unstable_if action=reinterpret pc=0x0000000003ac1970 method=java.lang.Character.isHighSurrogate(C)Z @ 3
Event: 8.161 Thread 0x0000000002dbf000 Uncommon trap: reason=unstable_if action=reinterpret pc=0x0000000003046698 method=sun.nio.cs.UTF_8$Encoder.encode([CII[B)I @ 33

Classes redefined (0 events):
No events

Internal exceptions (10 events):
Event: 8.808 Thread 0x0000000002dbf000 Exception <a 'java/lang/ClassNotFoundException': java/text/FormatBeanInfo> (0x00000000e1937690) thrown at [C:\re\workspace\8-2-build-windows-amd64-cygwin\jdk8u181\11358\hotspot\src\share\vm\classfile\systemDictionary.cpp, line 210]
Event: 8.809 Thread 0x0000000002dbf000 Exception <a 'java/lang/ClassNotFoundException': java/text/FormatCustomizer> (0x00000000e195dc00) thrown at [C:\re\workspace\8-2-build-windows-amd64-cygwin\jdk8u181\11358\hotspot\src\share\vm\classfile\systemDictionary.cpp, line 210]
Event: 8.809 Thread 0x0000000002dbf000 Exception <a 'java/lang/ClassNotFoundException': java/text/MessageFormatCustomizer> (0x00000000e198b788) thrown at [C:\re\workspace\8-2-build-windows-amd64-cygwin\jdk8u181\11358\hotspot\src\share\vm\classfile\systemDictionary.cpp, line 210]
Event: 8.812 Thread 0x0000000002dbf000 Exception <a 'java/lang/ClassNotFoundException': com/kms/katalon/core/webui/keyword/internal/WebUIKeywordMainBeanInfo> (0x00000000e1a1ac48) thrown at [C:\re\workspace\8-2-build-windows-amd64-cygwin\jdk8u181\11358\hotspot\src\share\vm\classfile\systemDicti
Event: 8.813 Thread 0x0000000002dbf000 Exception <a 'java/lang/ClassNotFoundException': com/kms/katalon/core/webui/keyword/internal/WebUIKeywordMainCustomizer> (0x00000000e1a6fe50) thrown at [C:\re\workspace\8-2-build-windows-amd64-cygwin\jdk8u181\11358\hotspot\src\share\vm\classfile\systemDic
Event: 8.818 Thread 0x0000000002dbf000 Exception <a 'java/lang/ClassNotFoundException': com/kms/katalon/core/webui/common/WebUiCommonHelperBeanInfo> (0x00000000e1b3d028) thrown at [C:\re\workspace\8-2-build-windows-amd64-cygwin\jdk8u181\11358\hotspot\src\share\vm\classfile\systemDictionary.cpp
Event: 8.819 Thread 0x0000000002dbf000 Exception <a 'java/lang/ClassNotFoundException': com/kms/katalon/core/helper/KeywordHelperBeanInfo> (0x00000000e1b81238) thrown at [C:\re\workspace\8-2-build-windows-amd64-cygwin\jdk8u181\11358\hotspot\src\share\vm\classfile\systemDictionary.cpp, line 210
Event: 8.820 Thread 0x0000000002dbf000 Exception <a 'java/lang/ClassNotFoundException': com/kms/katalon/core/helper/KeywordHelperCustomizer> (0x00000000e1bc8380) thrown at [C:\re\workspace\8-2-build-windows-amd64-cygwin\jdk8u181\11358\hotspot\src\share\vm\classfile\systemDictionary.cpp, line 2
Event: 8.821 Thread 0x0000000002dbf000 Exception <a 'java/lang/ClassNotFoundException': com/kms/katalon/core/webui/common/WebUiCommonHelperCustomizer> (0x00000000e1c1b8e0) thrown at [C:\re\workspace\8-2-build-windows-amd64-cygwin\jdk8u181\11358\hotspot\src\share\vm\classfile\systemDictionary.c
Event: 8.827 Thread 0x0000000002dbf000 Exception <a 'java/net/SocketTimeoutException': Read timed out> (0x00000000e1caae20) thrown at [C:\re\workspace\8-2-build-windows-amd64-cygwin\jdk8u181\11358\hotspot\src\share\vm\prims\jni.cpp, line 735]

Events (10 events):
Event: 8.820 loading class com/kms/katalon/core/helper/KeywordHelperCustomizer
Event: 8.820 loading class com/kms/katalon/core/helper/KeywordHelperCustomizer done
Event: 8.820 loading class com/kms/katalon/core/webui/common/WebUiCommonHelperCustomizer
Event: 8.820 loading class com/kms/katalon/core/webui/common/WebUiCommonHelperCustomizer done
Event: 8.820 loading class com/kms/katalon/core/webui/common/WebUiCommonHelperCustomizer
Event: 8.820 loading class com/kms/katalon/core/webui/common/WebUiCommonHelperCustomizer done
Event: 8.821 loading class com/kms/katalon/core/webui/common/WebUiCommonHelperCustomizer
Event: 8.821 loading class com/kms/katalon/core/webui/common/WebUiCommonHelperCustomizer done
Event: 8.823 loading class groovy/runtime/metaclass/com/kms/katalon/core/webui/keyword/internal/WebUIAbstractKeywordMetaClass
Event: 8.823 loading class groovy/runtime/metaclass/com/kms/katalon/core/webui/keyword/internal/WebUIAbstractKeywordMetaClass done


Dynamic libraries:
0x00007ff78bee0000 - 0x00007ff78bf17000 	D:\Utilisateurs\samandari\QA\Outils\Katalon_Studio_Windows_64-7.7.1\jre\bin\javaw.exe
0x00007ff9c7240000 - 0x00007ff9c742d000 	C:\WINDOWS\SYSTEM32\ntdll.dll
0x00007ff9c4aa0000 - 0x00007ff9c4b53000 	C:\WINDOWS\System32\KERNEL32.DLL
0x00007ff9c41c0000 - 0x00007ff9c4455000 	C:\WINDOWS\System32\KERNELBASE.dll
0x000000005d100000 - 0x000000005d1a6000 	C:\WINDOWS\System32\SYSFER.DLL
0x00007ff9c45e0000 - 0x00007ff9c4683000 	C:\WINDOWS\System32\ADVAPI32.dll
0x00007ff9c5330000 - 0x00007ff9c53ce000 	C:\WINDOWS\System32\msvcrt.dll
0x00007ff9c53d0000 - 0x00007ff9c546e000 	C:\WINDOWS\System32\sechost.dll
0x00007ff9c4860000 - 0x00007ff9c4982000 	C:\WINDOWS\System32\RPCRT4.dll
0x00007ff9c4e90000 - 0x00007ff9c5027000 	C:\WINDOWS\System32\USER32.dll
0x00007ff9c3cc0000 - 0x00007ff9c3ce0000 	C:\WINDOWS\System32\win32u.dll
0x00007ff9c4690000 - 0x00007ff9c46b9000 	C:\WINDOWS\System32\GDI32.dll
0x00007ff9c4020000 - 0x00007ff9c41bc000 	C:\WINDOWS\System32\gdi32full.dll
0x00007ff9c3c20000 - 0x00007ff9c3cc0000 	C:\WINDOWS\System32\msvcp_win.dll
0x00007ff9c3b20000 - 0x00007ff9c3c1a000 	C:\WINDOWS\System32\ucrtbase.dll
0x00007ff9b8780000 - 0x00007ff9b89f9000 	C:\WINDOWS\WinSxS\amd64_microsoft.windows.common-controls_6595b64144ccf1df_6.0.17763.1577_none_de7444545348a3d0\COMCTL32.dll
0x00007ff9c4b60000 - 0x00007ff9c4e8d000 	C:\WINDOWS\System32\combase.dll
0x00007ff9c3340000 - 0x00007ff9c33be000 	C:\WINDOWS\System32\bcryptPrimitives.dll
0x00007ff9c4830000 - 0x00007ff9c485e000 	C:\WINDOWS\System32\IMM32.DLL
0x000000005a5a0000 - 0x000000005a672000 	D:\Utilisateurs\samandari\QA\Outils\Katalon_Studio_Windows_64-7.7.1\jre\bin\msvcr100.dll
0x000000005ab80000 - 0x000000005b422000 	D:\Utilisateurs\samandari\QA\Outils\Katalon_Studio_Windows_64-7.7.1\jre\bin\server\jvm.dll
0x00007ff9c7000000 - 0x00007ff9c7008000 	C:\WINDOWS\System32\PSAPI.DLL
0x00007ff9b3890000 - 0x00007ff9b3899000 	C:\WINDOWS\SYSTEM32\WSOCK32.dll
0x00007ff9c5210000 - 0x00007ff9c527d000 	C:\WINDOWS\System32\WS2_32.dll
0x00007ff9b86a0000 - 0x00007ff9b86c4000 	C:\WINDOWS\SYSTEM32\WINMM.dll
0x00007ff9ba300000 - 0x00007ff9ba30a000 	C:\WINDOWS\SYSTEM32\VERSION.dll
0x00007ff9b8670000 - 0x00007ff9b869d000 	C:\WINDOWS\SYSTEM32\WINMMBASE.dll
0x00007ff9c32f0000 - 0x00007ff9c333a000 	C:\WINDOWS\System32\cfgmgr32.dll
0x000000005c4d0000 - 0x000000005c4df000 	D:\Utilisateurs\samandari\QA\Outils\Katalon_Studio_Windows_64-7.7.1\jre\bin\verify.dll
0x000000005a8b0000 - 0x000000005a8d9000 	D:\Utilisateurs\samandari\QA\Outils\Katalon_Studio_Windows_64-7.7.1\jre\bin\java.dll
0x000000005c4b0000 - 0x000000005c4c6000 	D:\Utilisateurs\samandari\QA\Outils\Katalon_Studio_Windows_64-7.7.1\jre\bin\zip.dll
0x00007ff9c5950000 - 0x00007ff9c6e49000 	C:\WINDOWS\System32\SHELL32.dll
0x00007ff9c49f0000 - 0x00007ff9c4a98000 	C:\WINDOWS\System32\shcore.dll
0x00007ff9c33c0000 - 0x00007ff9c3b13000 	C:\WINDOWS\System32\windows.storage.dll
0x00007ff9c32c0000 - 0x00007ff9c32e4000 	C:\WINDOWS\System32\profapi.dll
0x00007ff9c3220000 - 0x00007ff9c327d000 	C:\WINDOWS\System32\powrprof.dll
0x00007ff9c5470000 - 0x00007ff9c54c2000 	C:\WINDOWS\System32\shlwapi.dll
0x00007ff9c3280000 - 0x00007ff9c3291000 	C:\WINDOWS\System32\kernel.appcore.dll
0x00007ff9c3ce0000 - 0x00007ff9c3cf7000 	C:\WINDOWS\System32\cryptsp.dll
0x000000005a890000 - 0x000000005a8aa000 	D:\Utilisateurs\samandari\QA\Outils\Katalon_Studio_Windows_64-7.7.1\jre\bin\net.dll
0x00007ff9c2a90000 - 0x00007ff9c2af7000 	C:\WINDOWS\system32\mswsock.dll
0x000000005a870000 - 0x000000005a881000 	D:\Utilisateurs\samandari\QA\Outils\Katalon_Studio_Windows_64-7.7.1\jre\bin\nio.dll
0x00007ff9c27f0000 - 0x00007ff9c28b6000 	C:\WINDOWS\SYSTEM32\DNSAPI.dll
0x00007ff9c5200000 - 0x00007ff9c5208000 	C:\WINDOWS\System32\NSI.dll
0x00007ff9c27b0000 - 0x00007ff9c27ed000 	C:\WINDOWS\SYSTEM32\IPHLPAPI.DLL
0x00007ff9bcc30000 - 0x00007ff9bcc3a000 	C:\Windows\System32\rasadhlp.dll
0x00007ff9c1210000 - 0x00007ff9c1289000 	C:\WINDOWS\System32\fwpuclnt.dll
0x00007ff9c3ff0000 - 0x00007ff9c4016000 	C:\WINDOWS\System32\bcrypt.dll
0x000000005a840000 - 0x000000005a864000 	D:\Utilisateurs\samandari\QA\Outils\Katalon_Studio_Windows_64-7.7.1\jre\bin\sunec.dll
0x000000005a830000 - 0x000000005a83b000 	D:\Utilisateurs\samandari\QA\Outils\Katalon_Studio_Windows_64-7.7.1\jre\bin\sunmscapi.dll
0x00007ff9c3e10000 - 0x00007ff9c3fec000 	C:\WINDOWS\System32\CRYPT32.dll
0x00007ff9c32a0000 - 0x00007ff9c32b2000 	C:\WINDOWS\System32\MSASN1.dll
0x00007ff9c0f90000 - 0x00007ff9c0fa6000 	C:\WINDOWS\SYSTEM32\dhcpcsvc6.DLL
0x00007ff9c0f70000 - 0x00007ff9c0f8c000 	C:\WINDOWS\SYSTEM32\dhcpcsvc.DLL
0x00007ff9c2610000 - 0x00007ff9c2643000 	C:\WINDOWS\system32\rsaenh.dll
0x00007ff9c3120000 - 0x00007ff9c3149000 	C:\WINDOWS\SYSTEM32\USERENV.dll
0x00007ff9c2c60000 - 0x00007ff9c2c6c000 	C:\WINDOWS\SYSTEM32\CRYPTBASE.dll
0x00007ff9b2780000 - 0x00007ff9b2796000 	C:\WINDOWS\system32\napinsp.dll
0x00007ff9b2300000 - 0x00007ff9b231a000 	C:\WINDOWS\system32\pnrpnsp.dll
0x00007ff9b3860000 - 0x00007ff9b386e000 	C:\WINDOWS\System32\winrnr.dll
0x00007ff9be9b0000 - 0x00007ff9be9cb000 	C:\WINDOWS\system32\NLAapi.dll
0x00007ff9bd6a0000 - 0x00007ff9bd6b5000 	C:\WINDOWS\system32\wshbth.dll

VM Arguments:
jvm_args: -Dgroovy.home=/D:/Utilisateurs/samandari/QA/Outils/Katalon_Studio_Windows_64-7.7.1/plugins/org.codehaus.groovy_2.4.7.xx-201611170128-e46/ -Xmx2048m -Dfile.encoding=UTF-8 
java_command: org.codehaus.groovy.tools.GroovyStarter --classpath D:\Utilisateurs\samandari\QA\PROJET AUTOMATISATION\E-REQUISITION\EREQUISITION\Include\scripts\groovy;D:\Utilisateurs\samandari\QA\PROJET AUTOMATISATION\E-REQUISITION\EREQUISITION\Keywords;D:\Utilisateurs\samandari\QA\PROJET AUTOMATISATION\E-REQUISITION\EREQUISITION\Libs;D:\Utilisateurs\samandari\QA\PROJET AUTOMATISATION\E-REQUISITION\EREQUISITION\Test Listeners;D:\Utilisateurs\samandari\QA\Outils\Katalon_Studio_Windows_64-7.7.1\configuration\org.eclipse.osgi\24\0\.cp\resources\basic-report\katalon-studio-report-plugin.jar;D:\Utilisateurs\samandari\QA\Outils\Katalon_Studio_Windows_64-7.7.1\configuration\resources\lib\aalto-xml-1.0.0.jar;D:\Utilisateurs\samandari\QA\Outils\Katalon_Studio_Windows_64-7.7.1\configuration\resources\lib\aspectjweaver-1.9.1.jar;D:\Utilisateurs\samandari\QA\Outils\Katalon_Studio_Windows_64-7.7.1\configuration\resources\lib\bcpkix-jdk15on-1.58.jar;D:\Utilisateurs\samandari\QA\Outils\Katalon_Studio_Windows_64-7.7.1\configuration\resources\lib\bcprov-jdk15on-1.58.jar;D:\Utilisateurs\samandari\QA\Outils\Katalon_Studio_Windows_64-7.7.1\configuration\resources\lib\browsermob-core-2.1.5.jar;D:\Utilisateurs\samandari\QA\Outils\Katalon_Studio_Windows_64-7.7.1\configuration\resources\lib\cglib-3.2.10.jar;D:\Utilisateurs\samandari\QA\Outils\Katalon_Studio_Windows_64-7.7.1\configuration\resources\lib\commons-codec-1.10.jar;D:\Utilisateurs\samandari\QA\Outils\Katalon_Studio_Windows_64-7.7.1\configuration\resources\lib\commons-collections4-4.1.jar;D:\Utilisateurs\samandari\QA\Outils\Katalon_Studio_Windows_64-7.7.1\configuration\resources\lib\commons-validator-1.6.jar;D:\Utilisateurs\samandari\QA\Outils\Katalon_Studio_Windows_64-7.7.1\configuration\resources\lib\curvesapi-1.04.jar;D:\Utilisateurs\samandari\QA\Outils\Katalon_Studio_Windows_64-7.7.1\configuration\resources\lib\dnsjava-2.1.8.jar;D:\Utilisateurs\samandari\QA\Outils\Katalon_Studio_Windows_64-7.7.1\configuration\resources\lib\ja
java_class_path (initial): D:\Utilisateurs\samandari\QA\PROJET AUTOMATISATION\E-REQUISITION\EREQUISITION\bin\keyword;D:\Utilisateurs\samandari\QA\PROJET AUTOMATISATION\E-REQUISITION\EREQUISITION\bin\listener;D:\Utilisateurs\samandari\QA\PROJET AUTOMATISATION\E-REQUISITION\EREQUISITION\bin\lib;D:\Utilisateurs\samandari\QA\PROJET AUTOMATISATION\E-REQUISITION\EREQUISITION\bin\groovy;D:\Utilisateurs\samandari\QA\PROJET AUTOMATISATION\E-REQUISITION\EREQUISITION\bin;D:\Utilisateurs\samandari\QA\Outils\Katalon_Studio_Windows_64-7.7.1\plugins\com.kms.katalon.core_1.0.0.202009220546.jar;D:\Utilisateurs\samandari\QA\Outils\Katalon_Studio_Windows_64-7.7.1\configuration\resources\lib\aalto-xml-1.0.0.jar;D:\Utilisateurs\samandari\QA\Outils\Katalon_Studio_Windows_64-7.7.1\configuration\resources\lib\aspectjweaver-1.9.1.jar;D:\Utilisateurs\samandari\QA\Outils\Katalon_Studio_Windows_64-7.7.1\configuration\resources\lib\bcpkix-jdk15on-1.58.jar;D:\Utilisateurs\samandari\QA\Outils\Katalon_Studio_Windows_64-7.7.1\configuration\resources\lib\bcprov-jdk15on-1.58.jar;D:\Utilisateurs\samandari\QA\Outils\Katalon_Studio_Windows_64-7.7.1\configuration\resources\lib\browsermob-core-2.1.5.jar;D:\Utilisateurs\samandari\QA\Outils\Katalon_Studio_Windows_64-7.7.1\configuration\resources\lib\cglib-3.2.10.jar;D:\Utilisateurs\samandari\QA\Outils\Katalon_Studio_Windows_64-7.7.1\configuration\resources\lib\commons-codec-1.10.jar;D:\Utilisateurs\samandari\QA\Outils\Katalon_Studio_Windows_64-7.7.1\configuration\resources\lib\commons-collections4-4.1.jar;D:\Utilisateurs\samandari\QA\Outils\Katalon_Studio_Windows_64-7.7.1\configuration\resources\lib\commons-validator-1.6.jar;D:\Utilisateurs\samandari\QA\Outils\Katalon_Studio_Windows_64-7.7.1\configuration\resources\lib\curvesapi-1.04.jar;D:\Utilisateurs\samandari\QA\Outils\Katalon_Studio_Windows_64-7.7.1\configuration\resources\lib\dnsjava-2.1.8.jar;D:\Utilisateurs\samandari\QA\Outils\Katalon_Studio_Windows_64-7.7.1\configuration\resources\lib\java-client
Launcher Type: SUN_STANDARD

Environment Variables:
JAVA_HOME=C:\Program Files\Java\jdk1.8.0_281
PATH=D:/Utilisateurs/samandari/QA/Outils/Katalon_Studio_Windows_64-7.7.1/jre/bin/server;D:/Utilisateurs/samandari/QA/Outils/Katalon_Studio_Windows_64-7.7.1/jre/bin;D:/Utilisateurs/samandari/QA/Outils/Katalon_Studio_Windows_64-7.7.1/jre/lib/amd64;C:\Program Files (x86)\Common Files\Oracle\Java\javapath;C:\ProgramData\Oracle\Java\javapath;C:\Python27\;C:\Python27\Scripts;C:\WINDOWS\system32;C:\WINDOWS;C:\WINDOWS\System32\Wbem;C:\WINDOWS\System32\WindowsPowerShell\v1.0\;C:\Program Files\PuTTY\;C:\Program Files\Git\cmd;C:\ProgramData\chocolatey\bin;C:\Program Files\Java\jdk1.8.0_281\bin;C:\Program Files\nodejs\;D:\Utilisateurs\samandari\AppData\Local\Microsoft\WindowsApps;D:\Utilisateurs\samandari\AppData\Roaming\npm;D:\Utilisateurs\samandari\QA\Outils\Katalon_Studio_Windows_64-7.7.1;
USERNAME=samandari
OS=Windows_NT
PROCESSOR_IDENTIFIER=Intel64 Family 6 Model 158 Stepping 10, GenuineIntel



---------------  S Y S T E M  ---------------

OS: Windows 10.0 , 64 bit Build 17763 (10.0.17763.475)

CPU:total 6 (initial active 6) (6 cores per cpu, 1 threads per core) family 6 model 158 stepping 10, cmov, cx8, fxsr, mmx, sse, sse2, sse3, ssse3, sse4.1, sse4.2, popcnt, avx, avx2, aes, clmul, erms, rtm, 3dnowpref, lzcnt, tsc, tscinvbit, bmi1, bmi2, adx

Memory: 4k page, physical 8236320k(485136k free), swap 20720924k(5296k free)

vm_info: Java HotSpot(TM) 64-Bit Server VM (25.181-b13) for windows-amd64 JRE (1.8.0_181-b13), built on Jul  7 2018 04:01:33 by "java_re" with MS VC++ 10.0 (VS2010)

time: Wed Apr 07 15:46:25 2021
elapsed time: 8 seconds (0d 0h 0m 8s)

